2026-02-21 20:51:02,300 130 INFO ? odoo: Odoo version 17.0-20260217 
2026-02-21 20:51:02,301 130 INFO ? odoo: Using configuration file at /etc/odoo/odoo.conf 
2026-02-21 20:51:02,301 130 INFO ? odoo: addons paths: ['/usr/lib/python3/dist-packages/odoo/addons', '/var/lib/odoo/.local/share/Odoo/addons/17.0', '/mnt/extra-addons'] 
2026-02-21 20:51:02,301 130 INFO ? odoo: database: odoo@db:5432 
2026-02-21 20:51:02,417 130 INFO ? odoo.addons.base.models.ir_actions_report: Will use the Wkhtmltopdf binary at /usr/local/bin/wkhtmltopdf 
2026-02-21 20:51:02,721 130 INFO smartlab_db odoo.modules.loading: loading 1 modules... 
2026-02-21 20:51:02,727 130 INFO smartlab_db odoo.modules.loading: 1 modules loaded in 0.01s, 0 queries (+0 extra) 
2026-02-21 20:51:02,742 130 INFO smartlab_db odoo.modules.loading: updating modules list 
2026-02-21 20:51:02,744 130 INFO smartlab_db odoo.addons.base.models.ir_module: ALLOW access to module.update_list on [] to user __system__ #1 via n/a 
2026-02-21 20:51:04,412 130 INFO smartlab_db odoo.addons.base.models.ir_module: ALLOW access to module.button_upgrade on ['Health Monitoring & AI Alerts'] to user __system__ #1 via n/a 
2026-02-21 20:51:04,412 130 INFO smartlab_db odoo.addons.base.models.ir_module: ALLOW access to module.update_list on ['Health Monitoring & AI Alerts'] to user __system__ #1 via n/a 
2026-02-21 20:51:05,149 130 INFO smartlab_db odoo.addons.base.models.ir_module: ALLOW access to module.button_install on [] to user __system__ #1 via n/a 
2026-02-21 20:51:05,175 130 INFO smartlab_db odoo.modules.loading: loading 16 modules... 
2026-02-21 20:51:05,438 130 INFO smartlab_db odoo.modules.loading: Loading module health_monitoring (15/16) 
2026-02-21 20:51:05,596 130 INFO smartlab_db odoo.modules.registry: module health_monitoring: creating or updating database tables 
2026-02-21 20:51:05,705 130 INFO smartlab_db odoo.schema: Table 'health_alert': unable to set NOT NULL on column 'patient_id' 
2026-02-21 20:51:05,725 130 INFO smartlab_db odoo.schema: Keep unexpected index health_alert__acknowledged_index on table health_alert 
2026-02-21 20:51:05,869 130 INFO smartlab_db odoo.modules.loading: loading health_monitoring/security/ir.model.access.csv 
2026-02-21 20:51:05,891 130 WARNING smartlab_db odoo.addons.base.models.ir_model: Rule health.patient.user has no group, this is a deprecated feature. Every access-granting rule should specify a group. 
2026-02-21 20:51:05,896 130 INFO smartlab_db odoo.modules.loading: loading health_monitoring/data/cron.xml 
2026-02-21 20:51:05,920 130 INFO smartlab_db odoo.modules.loading: loading health_monitoring/data/demo_action.xml 
2026-02-21 20:51:05,949 130 INFO smartlab_db odoo.modules.loading: loading health_monitoring/views/health_vital_record_views.xml 
2026-02-21 20:51:05,982 130 WARNING smartlab_db odoo.modules.loading: Transient module states were reset 
2026-02-21 20:51:05,983 130 ERROR smartlab_db odoo.modules.registry: Failed to load registry 
Traceback (most recent call last):
  File "/usr/lib/python3/dist-packages/odoo/modules/registry.py", line 110, in new
    odoo.modules.load_modules(registry, force_demo, status, update_module)
  File "/usr/lib/python3/dist-packages/odoo/modules/loading.py", line 481, in load_modules
    processed_modules += load_marked_modules(env, graph,
  File "/usr/lib/python3/dist-packages/odoo/modules/loading.py", line 366, in load_marked_modules
    loaded, processed = load_module_graph(
  File "/usr/lib/python3/dist-packages/odoo/modules/loading.py", line 229, in load_module_graph
    load_data(env, idref, mode, kind='data', package=package)
  File "/usr/lib/python3/dist-packages/odoo/modules/loading.py", line 73, in load_data
    tools.convert_file(env, package.name, filename, idref, mode, noupdate, kind)
  File "/usr/lib/python3/dist-packages/odoo/tools/convert.py", line 682, in convert_file
    convert_xml_import(env, module, fp, idref, mode, noupdate)
  File "/usr/lib/python3/dist-packages/odoo/tools/convert.py", line 748, in convert_xml_import
    obj.parse(doc.getroot())
  File "/usr/lib/python3/dist-packages/odoo/tools/convert.py", line 668, in parse
    self._tag_root(de)
  File "/usr/lib/python3/dist-packages/odoo/tools/convert.py", line 621, in _tag_root
    raise ParseError(msg) from None  # Restart with "--log-handler odoo.tools.convert:DEBUG" for complete traceback
odoo.tools.convert.ParseError: while parsing /mnt/extra-addons/health_monitoring/views/health_vital_record_views.xml:5
Error while validating view near:

                <field name="value" class="oe_inline ms-1"/>
                <span t-if="type == 'blood_pressure'" class="ms-1 me-1">/</span>
                <field name="value2" class="oe_inline" t-if="type == 'blood_pressure'" invisible="type != 'blood_pressure'"/>
                <field name="unit" class="ms-2 oe_inline" readonly="1"/>
              </div>

Forbidden owl directive used in arch (t-if).

View error context:
{'file': '/mnt/extra-addons/health_monitoring/views/health_vital_record_views.xml',
 'line': 19,
 'name': 'health.vital.record.form',
 'view': ir.ui.view(383,),
 'view.model': 'health.vital.record',
 'view.parent': ir.ui.view(),
 'xmlid': 'view_vitals_form'}

2026-02-21 20:51:05,987 130 CRITICAL smartlab_db odoo.service.server: Failed to initialize database `smartlab_db`. 
Traceback (most recent call last):
  File "/usr/lib/python3/dist-packages/odoo/service/server.py", line 1374, in preload_registries
    registry = Registry.new(dbname, update_module=update_module)
  File "<decorator-gen-16>", line 2, in new
  File "/usr/lib/python3/dist-packages/odoo/tools/func.py", line 87, in locked
    return func(inst, *args, **kwargs)
  File "/usr/lib/python3/dist-packages/odoo/modules/registry.py", line 110, in new
    odoo.modules.load_modules(registry, force_demo, status, update_module)
  File "/usr/lib/python3/dist-packages/odoo/modules/loading.py", line 481, in load_modules
    processed_modules += load_marked_modules(env, graph,
  File "/usr/lib/python3/dist-packages/odoo/modules/loading.py", line 366, in load_marked_modules
    loaded, processed = load_module_graph(
  File "/usr/lib/python3/dist-packages/odoo/modules/loading.py", line 229, in load_module_graph
    load_data(env, idref, mode, kind='data', package=package)
  File "/usr/lib/python3/dist-packages/odoo/modules/loading.py", line 73, in load_data
    tools.convert_file(env, package.name, filename, idref, mode, noupdate, kind)
  File "/usr/lib/python3/dist-packages/odoo/tools/convert.py", line 682, in convert_file
    convert_xml_import(env, module, fp, idref, mode, noupdate)
  File "/usr/lib/python3/dist-packages/odoo/tools/convert.py", line 748, in convert_xml_import
    obj.parse(doc.getroot())
  File "/usr/lib/python3/dist-packages/odoo/tools/convert.py", line 668, in parse
    self._tag_root(de)
  File "/usr/lib/python3/dist-packages/odoo/tools/convert.py", line 621, in _tag_root
    raise ParseError(msg) from None  # Restart with "--log-handler odoo.tools.convert:DEBUG" for complete traceback
odoo.tools.convert.ParseError: while parsing /mnt/extra-addons/health_monitoring/views/health_vital_record_views.xml:5
Error while validating view near:

                <field name="value" class="oe_inline ms-1"/>
                <span t-if="type == 'blood_pressure'" class="ms-1 me-1">/</span>
                <field name="value2" class="oe_inline" t-if="type == 'blood_pressure'" invisible="type != 'blood_pressure'"/>
                <field name="unit" class="ms-2 oe_inline" readonly="1"/>
              </div>

Forbidden owl directive used in arch (t-if).

View error context:
{'file': '/mnt/extra-addons/health_monitoring/views/health_vital_record_views.xml',
 'line': 19,
 'name': 'health.vital.record.form',
 'view': ir.ui.view(383,),
 'view.model': 'health.vital.record',
 'view.parent': ir.ui.view(),
 'xmlid': 'view_vitals_form'}

2026-02-21 20:51:05,990 130 INFO smartlab_db odoo.service.server: Initiating shutdown 
2026-02-21 20:51:05,990 130 INFO smartlab_db odoo.service.server: Hit CTRL-C again or send a second signal to force the shutdown. 
2026-02-21 20:51:05,990 130 INFO smartlab_db odoo.sql_db: ConnectionPool(used=0/count=0/max=64): Closed 1 connections  
